Determining if the pthread_create exist failed with the following output:
Change Dir: /home/avinash/Deep_Learning_Crazyflie/build/CMakeFiles/CMakeTmp

Run Build Command:"/usr/bin/make" "cmTryCompileExec1174370626/fast"
/usr/bin/make -f CMakeFiles/cmTryCompileExec1174370626.dir/build.make CMakeFiles/cmTryCompileExec1174370626.dir/build
make[1]: Entering directory `/home/avinash/Deep_Learning_Crazyflie/build/CMakeFiles/CMakeTmp'
/usr/bin/cmake -E cmake_progress_report /home/avinash/Deep_Learning_Crazyflie/build/CMakeFiles/CMakeTmp/CMakeFiles 1
Building C object CMakeFiles/cmTryCompileExec1174370626.dir/CheckSymbolExists.c.o
/usr/bin/cc    -o CMakeFiles/cmTryCompileExec1174370626.dir/CheckSymbolExists.c.o   -c /home/avinash/Deep_Learning_Crazyflie/build/CMakeFiles/CMakeTmp/CheckSymbolExists.c
Linking C executable cmTryCompileExec1174370626
/usr/bin/cmake -E cmake_link_script CMakeFiles/cmTryCompileExec1174370626.dir/link.txt --verbose=1
/usr/bin/cc       CMakeFiles/cmTryCompileExec1174370626.dir/CheckSymbolExists.c.o  -o cmTryCompileExec1174370626 -rdynamic 
CMakeFiles/cmTryCompileExec1174370626.dir/CheckSymbolExists.c.o: In function `main':
CheckSymbolExists.c:(.text+0xa): undefined reference to `pthread_create'
collect2: error: ld returned 1 exit status
make[1]: *** [cmTryCompileExec1174370626] Error 1
make[1]: Leaving directory `/home/avinash/Deep_Learning_Crazyflie/build/CMakeFiles/CMakeTmp'
make: *** [cmTryCompileExec1174370626/fast] Error 2

File /home/avinash/Deep_Learning_Crazyflie/build/CMakeFiles/CMakeTmp/CheckSymbolExists.c:
/* */
#include <pthread.h>

int main(int argc, char** argv)
{
  (void)argv;
#ifndef pthread_create
  return ((int*)(&pthread_create))[argc];
#else
  (void)argc;
  return 0;
#endif
}

Determining if the function pthread_create exists in the pthreads failed with the following output:
Change Dir: /home/avinash/Deep_Learning_Crazyflie/build/CMakeFiles/CMakeTmp

Run Build Command:"/usr/bin/make" "cmTryCompileExec426407285/fast"
/usr/bin/make -f CMakeFiles/cmTryCompileExec426407285.dir/build.make CMakeFiles/cmTryCompileExec426407285.dir/build
make[1]: Entering directory `/home/avinash/Deep_Learning_Crazyflie/build/CMakeFiles/CMakeTmp'
/usr/bin/cmake -E cmake_progress_report /home/avinash/Deep_Learning_Crazyflie/build/CMakeFiles/CMakeTmp/CMakeFiles 1
Building C object CMakeFiles/cmTryCompileExec426407285.dir/CheckFunctionExists.c.o
/usr/bin/cc   -DCHECK_FUNCTION_EXISTS=pthread_create   -o CMakeFiles/cmTryCompileExec426407285.dir/CheckFunctionExists.c.o   -c /usr/share/cmake-3.2/Modules/CheckFunctionExists.c
Linking C executable cmTryCompileExec426407285
/usr/bin/cmake -E cmake_link_script CMakeFiles/cmTryCompileExec426407285.dir/link.txt --verbose=1
/usr/bin/cc   -DCHECK_FUNCTION_EXISTS=pthread_create    CMakeFiles/cmTryCompileExec426407285.dir/CheckFunctionExists.c.o  -o cmTryCompileExec426407285 -rdynamic -lpthreads 
/usr/bin/ld: cannot find -lpthreads
collect2: error: ld returned 1 exit status
make[1]: *** [cmTryCompileExec426407285] Error 1
make[1]: Leaving directory `/home/avinash/Deep_Learning_Crazyflie/build/CMakeFiles/CMakeTmp'
make: *** [cmTryCompileExec426407285/fast] Error 2


